
18:56:08.518 [main] INFO  - Browser launched
18:56:11.133 [main] INFO  - Getting baseurl
18:56:15.416 [main] INFO  - Login Pass!
18:57:33.295 [main] INFO  - Audit Configuration Pass!
18:58:35.640 [main] INFO  - Edit Configuration Pass!
18:59:02.972 [main] INFO  - Perform Audit Pass!
19:00:10.600 [main] INFO  - Copy and Paste Audit Pass!
19:00:40.551 [main] INFO  - Edit Audit PASS!
19:01:51.989 [main] INFO  - Audit approve Pass!
19:02:47.650 [main] INFO  - Re-open Pass!
19:03:41.710 [main] INFO  - Upload audit Pass!
19:04:44.807 [main] INFO  - Reject audit PASS!
19:05:44.209 [main] INFO  - Bulk approve PASS!
19:06:01.316 [main] INFO  - Download Report Pass!
19:06:18.950 [main] INFO  - AuditIRP pass!
19:06:18.950 [main] INFO  - List count is :1
19:06:18.951 [main] INFO  - No.of Records :1
19:06:33.222 [main] INFO  - AuditIRP pass!
19:06:33.223 [main] INFO  - List count is :0
19:06:33.223 [main] INFO  - No.of Records :0
19:06:45.055 [main] INFO  - Search Pass!
19:07:31.593 [main] INFO  - Navigation Pass!
19:08:48.570 [main] INFO  - Column filters Pass!
19:10:02.521 [main] INFO  - Filters Pass!
19:10:39.106 [main] INFO  - Font size Pass!
19:10:39.106 [main] INFO  - 4px
19:11:05.709 [main] INFO  - Arrangecolumn Pass!
19:11:16.937 [main] INFO  - Arrangecolumn Pass!
19:11:28.812 [main] INFO  - Arrangecolumn Pass!
19:11:39.850 [main] INFO  - Arrangecolumn Pass!
19:11:51.120 [main] INFO  - Arrangecolumn Pass!
19:11:52.422 [main] INFO  - Arrangecolumn Pass!
19:11:53.897 [main] INFO  - Arrangecolumn Pass!
19:11:55.589 [main] INFO  - Arrangecolumn Pass!
19:11:57.284 [main] INFO  - Arrangecolumn Pass!
19:11:59.034 [main] INFO  - Arrangecolumn Pass!
19:12:00.702 [main] INFO  - Arrangecolumn Pass!
19:12:02.086 [main] INFO  - Arrangecolumn Pass!
19:12:03.418 [main] INFO  - Arrangecolumn Pass!
19:12:04.866 [main] INFO  - Arrangecolumn Pass!
19:13:04.876 [main] INFO  - Target Record Deleted Successfully!
19:13:26.444 [main] INFO  - Perform Audit Pass!



14:13:25.763 [main] INFO  - Browser launched
14:13:28.192 [main] INFO  - Getting baseurl
14:13:32.918 [main] INFO  - Login Pass!
14:25:26.713 [main] INFO  - Browser launched
14:25:29.543 [main] INFO  - Getting baseurl
14:25:34.388 [main] INFO  - Login Pass!
14:26:10.901 [main] INFO  - Fields available in configuration - Pass
14:29:00.497 [main] INFO  - Browser launched
14:29:03.289 [main] INFO  - Getting baseurl
14:29:07.845 [main] INFO  - Login Pass!
14:29:45.041 [main] INFO  - Fields available in configuration - Pass
14:36:58.547 [main] INFO  - Browser launched
14:37:02.419 [main] INFO  - Getting baseurl
14:37:07.250 [main] INFO  - Login Pass!
14:37:43.222 [main] INFO  - Fields available in configuration - Pass
14:42:56.787 [main] INFO  - Browser launched
14:42:59.605 [main] INFO  - Getting baseurl
14:43:05.971 [main] INFO  - Login Pass!
14:47:20.447 [main] INFO  - Browser launched
14:47:22.909 [main] INFO  - Getting baseurl
14:47:27.716 [main] INFO  - Login Pass!
15:05:44.586 [main] INFO  - Browser launched
15:05:46.818 [main] INFO  - Getting baseurl
15:05:50.956 [main] INFO  - Login Pass!
15:14:42.930 [main] INFO  - Browser launched
15:14:46.395 [main] INFO  - Getting baseurl
15:14:52.440 [main] INFO  - Login Pass!
15:38:18.244 [TestNG-test=Audits Functionality testing-1] INFO  - Browser launched
15:38:21.492 [TestNG-test=Audits Functionality testing-1] INFO  - Getting baseurl
15:38:25.036 [TestNG-test=Audits Functionality testing-2] INFO  - Login Fail
15:58:37.542 [TestNG-tests-1] INFO  - Browser launched
15:58:41.394 [TestNG-tests-1] INFO  - Getting baseurl
15:58:47.707 [TestNG-tests-1] INFO  - Login Pass!
16:16:06.248 [TestNG-tests-2] INFO  - Browser launched
16:16:06.660 [TestNG-tests-1] INFO  - Browser launched
16:16:09.198 [TestNG-tests-2] INFO  - Getting baseurl
16:16:09.881 [TestNG-tests-1] INFO  - Getting baseurl
16:16:13.334 [TestNG-tests-1] INFO  - Login Fail
16:17:19.236 [TestNG-tests-2] INFO  - Browser launched
16:17:19.237 [TestNG-tests-1] INFO  - Browser launched
16:17:22.030 [TestNG-tests-1] INFO  - Getting baseurl
16:17:23.078 [TestNG-tests-2] INFO  - Getting baseurl
16:17:24.258 [TestNG-tests-2] INFO  - Login Fail
16:18:16.451 [TestNG-tests-2] INFO  - Browser launched
16:18:16.820 [TestNG-tests-1] INFO  - Browser launched
16:18:19.525 [TestNG-tests-2] INFO  - Getting baseurl
16:18:19.957 [TestNG-tests-1] INFO  - Getting baseurl
16:18:22.204 [TestNG-tests-2] INFO  - Login Fail
16:18:22.650 [TestNG-tests-1] INFO  - Login Fail
22:01:48.597 [TestNG-tests-1] INFO  - Browser launched
22:01:48.597 [TestNG-tests-2] INFO  - Browser launched
22:01:53.494 [TestNG-tests-2] INFO  - Getting baseurl
22:01:55.371 [TestNG-tests-1] INFO  - Getting baseurl
22:01:56.804 [TestNG-tests-1] INFO  - Login Fail
22:13:04.337 [TestNG-tests-1] INFO  - Browser launched
22:13:04.481 [TestNG-tests-2] INFO  - Browser launched
22:13:07.572 [TestNG-tests-1] INFO  - Getting baseurl
22:13:08.126 [TestNG-tests-2] INFO  - Getting baseurl
22:13:11.108 [TestNG-tests-1] INFO  - Login Fail
22:21:29.606 [TestNG-tests-2] INFO  - Browser launched
22:21:29.795 [TestNG-tests-1] INFO  - Browser launched
22:21:32.197 [TestNG-tests-1] INFO  - Getting baseurl
22:21:32.775 [TestNG-tests-2] INFO  - Getting baseurl
22:21:51.811 [TestNG-tests-1] INFO  - Login Pass!
